Number of Seasons: 1
Period: 2
my_model: Type - GP-RBF
HyperParams: {'alpha': 0.05}
Thresh: 0.57
Normalize: False
Feature Classes: ['e-off-rating', 'e-def-rating', 'e-pace']
Remove Features: []
Restrict Features: []
Over Total: -- wins: 230 , losses: 175, win%: 0.5679012345679012
Average Profit: 37500.0

Under Total: -- wins: 49 , losses: 38, win%: 0.5632183908045977
Average Profit: 7200.0
Average Absolute Prediciton Error: 6.561861351282
WINS
279
LOSSES
213
N
492
WIN%
0.5670731707317073
PROFIT
44.7
AVERAGE VEGAS ERROR: 6.082474226804123
