Number of Seasons: 5
Period: 2
my_model: Type - GP-RBF
HyperParams: {'alpha': 0.05}
Thresh: 0.57
Normalize: False
Feature Classes: ['e-off-rating', 'e-def-rating', 'e-pace']
Remove Features: []
Restrict Features: []
Over Total: -- wins: 876 , losses: 784, win%: 0.5277108433734939
Average Profit: 2720.0

Under Total: -- wins: 301 , losses: 272, win%: 0.525305410122164
Average Profit: 360.0
Average Absolute Prediciton Error: 6.673127618424803
WINS
1177
LOSSES
1056
N
2233
WIN%
0.5270935960591133
PROFIT
3.08
AVERAGE VEGAS ERROR: 6.283585663410665
