Number of Seasons: 1
Period: 4
my_model: Type - bayes-basic
HyperParams: {'alpha': 0.05}
Thresh: 0.57
Normalize: False
Feature Classes: ['e-off-rating', 'e-def-rating', 'e-pace']
Remove Features: []
Restrict Features: []
Over Total: -- wins: 131 , losses: 139, win%: 0.48518518518518516
Average Profit: -21900.0

Under Total: -- wins: 38 , losses: 34, win%: 0.5277777777777778
Average Profit: 600.0
Average Absolute Prediciton Error: 7.090233752249719
WINS
169
LOSSES
173
N
342
WIN%
0.49415204678362573
PROFIT
-21.3
AVERAGE VEGAS ERROR: 6.91699604743083
