Number of Seasons: 6
Period: 2
my_model: Type - GP-RBF
HyperParams: {'alpha': 0.05}
Thresh: 0.57
Normalize: False
Feature Classes: all
Remove Features: []
Restrict Features: []
Over Total: -- wins: 1180 , losses: 1008, win%: 0.5393053016453382
Average Profit: 11866.666666666666

Under Total: -- wins: 895 , losses: 876, win%: 0.5053642010163749
Average Profit: -11433.333333333334
Average Absolute Prediciton Error: 6.518399244830236
WINS
2075
LOSSES
1884
N
3959
WIN%
0.5241222530942157
PROFIT
0.4333333333333321
AVERAGE VEGAS ERROR: 6.250067090642908
