Number of Seasons: 6
Period: 3
my_model: Type - GP-RBF
HyperParams: {'alpha': 0.05}
Thresh: 0.57
Normalize: False
Feature Classes: all
Remove Features: []
Restrict Features: []
Over Total: -- wins: 969 , losses: 1062, win%: 0.4771048744460857
Average Profit: -33200.0

Under Total: -- wins: 902 , losses: 900, win%: 0.5005549389567148
Average Profit: -14666.666666666666
Average Absolute Prediciton Error: 6.624857423129657
WINS
1871
LOSSES
1962
N
3833
WIN%
0.4881294025567441
PROFIT
-47.86666666666667
AVERAGE VEGAS ERROR: 6.2811159417274425
