Number of Seasons: 5
Period: 1
my_model: Type - GP-RBF
HyperParams: {'alpha': 0.05}
Thresh: 0.57
Normalize: False
Feature Classes: ['e-off-rating', 'e-def-rating', 'e-pace']
Remove Features: []
Restrict Features: []
Over Total: -- wins: 587 , losses: 652, win%: 0.4737691686844229
Average Profit: -26040.0

Under Total: -- wins: 485 , losses: 422, win%: 0.5347298787210585
Average Profit: 4160.0
Average Absolute Prediciton Error: 6.716992828156798
WINS
1072
LOSSES
1074
N
2146
WIN%
0.4995340167753961
PROFIT
-21.88
AVERAGE VEGAS ERROR: 6.259826129150132
