Number of Seasons: 1
Period: 3
my_model: Type - GP-RBF
HyperParams: {'alpha': 0.05}
Thresh: 0.57
Normalize: False
Feature Classes: ['e-off-rating', 'e-def-rating', 'e-pace']
Remove Features: []
Restrict Features: []
Over Total: -- wins: 116 , losses: 138, win%: 0.4566929133858268
Average Profit: -35800.0

Under Total: -- wins: 73 , losses: 66, win%: 0.5251798561151079
Average Profit: 400.0
Average Absolute Prediciton Error: 6.500453151721173
WINS
189
LOSSES
204
N
393
WIN%
0.48091603053435117
PROFIT
-35.4
AVERAGE VEGAS ERROR: 6.00451030927835
