Number of Seasons: 6
Period: 2
my_model: Type - GP-Exponential
HyperParams: {'alpha': 0.05}
Thresh: 0.57
Normalize: False
Feature Classes: ['e-off-rating', 'e-def-rating', 'e-pace']
Remove Features: []
Restrict Features: []
Over Total: -- wins: 1202 , losses: 1047, win%: 0.5344597598932859
Average Profit: 8383.333333333334

Under Total: -- wins: 365 , losses: 366, win%: 0.4993160054719562
Average Profit: -6266.666666666667
Average Absolute Prediciton Error: 6.63022408013589
WINS
1567
LOSSES
1413
N
2980
WIN%
0.5258389261744967
PROFIT
2.116666666666667
AVERAGE VEGAS ERROR: 6.250067090642908
