Number of Seasons: 1
Period: 1
my_model: Type - bayes-basic
HyperParams: {'alpha': 0.05}
Thresh: 0.57
Normalize: False
Feature Classes: ['e-off-rating', 'e-def-rating', 'e-pace']
Remove Features: []
Restrict Features: []
Over Total: -- wins: 169 , losses: 172, win%: 0.49560117302052786
Average Profit: -20200.0

Under Total: -- wins: 19 , losses: 21, win%: 0.475
Average Profit: -4100.0
Average Absolute Prediciton Error: 6.490838113359784
WINS
188
LOSSES
193
N
381
WIN%
0.49343832020997375
PROFIT
-24.3
AVERAGE VEGAS ERROR: 6.255194805194805
