Number of Seasons: 4
Period: 3
my_model: Type - bayes-basic
HyperParams: {'alpha': 0.05}
Thresh: 0.57
Normalize: False
Feature Classes: ['e-off-rating', 'e-def-rating', 'e-pace']
Remove Features: []
Restrict Features: []
Over Total: -- wins: 573 , losses: 551, win%: 0.5097864768683275
Average Profit: -8275.0

Under Total: -- wins: 135 , losses: 126, win%: 0.5172413793103449
Average Profit: -900.0
Average Absolute Prediciton Error: 6.48892707811214
WINS
708
LOSSES
677
N
1385
WIN%
0.5111913357400723
PROFIT
-9.175
AVERAGE VEGAS ERROR: 6.332370659595901
