Number of Seasons: 1
Period: 2
my_model: Type - GP-Exponential
HyperParams: {'alpha': 0.05}
Thresh: 0.57
Normalize: False
Feature Classes: ['e-off-rating', 'e-def-rating', 'e-pace']
Remove Features: []
Restrict Features: []
Over Total: -- wins: 148 , losses: 112, win%: 0.5692307692307692
Average Profit: 24800.0

Under Total: -- wins: 99 , losses: 100, win%: 0.49748743718592964
Average Profit: -11000.0
Average Absolute Prediciton Error: 6.659216049868996
WINS
247
LOSSES
212
N
459
WIN%
0.5381263616557734
PROFIT
13.8
AVERAGE VEGAS ERROR: 6.341897233201581

Number of Seasons: 1
Period: 2
my_model: Type - GP-Exponential
HyperParams: {'alpha': 0.05}
Thresh: 0.57
Normalize: False
Feature Classes: ['e-off-rating', 'e-def-rating', 'e-pace', 'ast-pct', 'oreb-pct', 'dreb-pct', 'tm-tov-pct', 'efg-pct', 'ts-pct']
Remove Features: []
Restrict Features: []
Over Total: -- wins: 134 , losses: 102, win%: 0.5677966101694916
Average Profit: 21800.0

Under Total: -- wins: 104 , losses: 103, win%: 0.5024154589371981
Average Profit: -9300.0
Average Absolute Prediciton Error: 6.698589726377473
WINS
238
LOSSES
205
N
443
WIN%
0.5372460496613995
PROFIT
12.5
AVERAGE VEGAS ERROR: 6.341897233201581
