Number of Seasons: 5
Period: 3
my_model: Type - GP-RBF
HyperParams: {'alpha': 0.05}
Thresh: 0.57
Normalize: False
Feature Classes: ['e-off-rating', 'e-def-rating', 'e-pace']
Remove Features: []
Restrict Features: []
Over Total: -- wins: 603 , losses: 633, win%: 0.4878640776699029
Average Profit: -18660.0

Under Total: -- wins: 352 , losses: 338, win%: 0.5101449275362319
Average Profit: -3960.0
Average Absolute Prediciton Error: 6.71840303140155
WINS
955
LOSSES
971
N
1926
WIN%
0.49584631360332293
PROFIT
-22.62
AVERAGE VEGAS ERROR: 6.336437068217261
