Number of Seasons: 6
Period: 3
my_model: Type - GP-RBF
HyperParams: {'alpha': 0.05}
Thresh: 0.57
Normalize: False
Feature Classes: ['e-off-rating', 'e-def-rating', 'e-pace']
Remove Features: []
Restrict Features: []
Over Total: -- wins: 732 , losses: 771, win%: 0.4870259481037924
Average Profit: -19350.0

Under Total: -- wins: 421 , losses: 398, win%: 0.514041514041514
Average Profit: -2800.0
Average Absolute Prediciton Error: 6.68738591098399
WINS
1153
LOSSES
1169
N
2322
WIN%
0.49655469422911286
PROFIT
-22.15
AVERAGE VEGAS ERROR: 6.2811159417274425
