Number of Seasons: 1
Period: 1
my_model: Type - GP-RBF
HyperParams: {'alpha': 0.05}
Thresh: 0.57
Normalize: False
Feature Classes: ['e-off-rating', 'e-def-rating', 'e-pace']
Remove Features: []
Restrict Features: []
Over Total: -- wins: 189 , losses: 201, win%: 0.4846153846153846
Average Profit: -32100.0

Under Total: -- wins: 42 , losses: 46, win%: 0.4772727272727273
Average Profit: -8600.0
Average Absolute Prediciton Error: 6.713182010431029
WINS
231
LOSSES
247
N
478
WIN%
0.48326359832635984
PROFIT
-40.7
AVERAGE VEGAS ERROR: 5.930412371134021
